====================================================================================================
TEST_FAILURE REPORT
Generated: 2025-09-05 20:51:29
Test File: test_phase2_config.py
====================================================================================================

TOTAL FAILED TESTS: 1
====================================================================================================

FAILED TEST #1
============================================================
Test ID: health_1
Endpoint: /health
Description: Health structure validation failure
Error Type: Exception
Timestamp: 2025-09-05T20:51:29.245320

Response Time: 0.25s


TEST SUMMARY:
========================================
Total Requests: 5
Successful Requests: 4
Failed Requests: 1
Success Rate: 80.0%
Average Response Time: 0.08151090145111084s
Total Test Time: 0.746689s

Missing Endpoints: /health
