====================================================================================================
TEST_FAILURE REPORT
Generated: 2025-09-16 23:28:42
Test File: test_phase8_feedback.py
====================================================================================================

TOTAL FAILED TESTS: 1
====================================================================================================

FAILED TEST #1
============================================================
Test ID: test_11
Endpoint: /feedback
Description: Malformed UUID (missing character)
Error Type: Exception
Timestamp: 2025-09-16T23:28:31.222260

Response Time: 1.92s


TEST SUMMARY:
========================================
Total Requests: 24
Successful Requests: 23
Failed Requests: 1
Success Rate: 95.83333333333334%
Average Response Time: 1.0841752238895581s
Total Test Time: 30.168427s
