====================================================================================================
TEST_FAILURE REPORT
Generated: 2025-09-12 23:10:28
Test File: test_traceback_capture.py
====================================================================================================

TOTAL FAILED TESTS: 1
====================================================================================================

FAILED TEST #1
============================================================
Test ID: traceback_test
Endpoint: test_function
Description: Test traceback capture
Error Type: ZeroDivisionError
Timestamp: 2025-09-12T23:10:28.967995

Response Time: 0.10s

SERVER TRACEBACK (FULL ORIGINAL):
----------------------------------------
Traceback (most recent call last):
  File "E:\OneDrive\Knowledge Base\0207_GenAI\Code\czsu_home\czsu-multi-agent-text-to-sql\test_traceback_capture.py", line 17, in test_traceback_capture
    x = 1 / 0
        ~~^~~
ZeroDivisionError: division by zero



TEST SUMMARY:
========================================
Total Requests: 1
Successful Requests: 0
Failed Requests: 1
Success Rate: 0.0%
Average Response Time: 0s
Total Test Time: Nones
